<?xml version="1.0" encoding="UTF-8"?>
<!-- Generated by org.testng.reporters.JUnitXMLReporter -->
<testsuite ignored="0" hostname="BAWA" failures="1" tests="1" name="TestLogin" time="12.585" errors="0" timestamp="2024-08-02T19:21:32 IST">
  <testcase classname="myTestSuite.LoginPage" name="verifyLogin" time="1.072">
    <failure type="java.lang.AssertionError" message="expected [Costmasters] but found [Costmasters-Sign In]">
      <![CDATA[java.lang.AssertionError: expected [Costmasters] but found [Costmasters-Sign In]
at myTestSuite.LoginPage.verifyLogin(LoginPage.java:33)
at java.base/java.util.ArrayList.forEach(ArrayList.java:1596)
at java.base/java.util.concurrent.FutureTask.run(FutureTask.java:317)
at java.base/java.util.concurrent.ThreadPoolExecutor.runWorker(ThreadPoolExecutor.java:1144)
at java.base/java.util.concurrent.ThreadPoolExecutor$Worker.run(ThreadPoolExecutor.java:642)
at java.base/java.lang.Thread.run(Thread.java:1583)
... Removed 21 stack frames]]>
    </failure>
  </testcase> <!-- verifyLogin -->
</testsuite> <!-- TestLogin -->
