<?xml version="1.0" encoding="UTF-8"?>
<testng-results ignored="0" total="1" passed="1" failed="0" skipped="0">
  <reporter-output>
  </reporter-output>
  <suite started-at="2025-07-08T09:50:11 IST" name="Default suite" finished-at="2025-07-08T09:50:31 IST" duration-ms="20147">
    <groups>
    </groups>
    <test started-at="2025-07-08T09:50:11 IST" name="Default test" finished-at="2025-07-08T09:50:31 IST" duration-ms="20147">
      <class name="demoselenium.Mulitplewindowhandle">
        <test-method signature="f()[pri:0, instance:demoselenium.Mulitplewindowhandle@6150c3ec]" started-at="2025-07-08T09:50:11 IST" name="f" finished-at="2025-07-08T09:50:31 IST" duration-ms="19885" status="PASS">
          <reporter-output>
          </reporter-output>
        </test-method> <!-- f -->
      </class> <!-- demoselenium.Mulitplewindowhandle -->
    </test> <!-- Default test -->
  </suite> <!-- Default suite -->
</testng-results>
